[2025-04-21 14:24:11] INFO: [MAP] Packet (hex): 02020104300C800821436587092143F5
[2025-04-21 14:24:11] ERROR: [SCTP] Connection failed: [Errno -2] Name or service not known
[2025-04-21 14:24:11] ERROR: [SEND] Error during sending: [Errno -2] Name or service not known
[2025-04-22 15:33:34] INFO: Sending sri message to 192.168.1.1:2905
[2025-04-22 15:33:34] INFO: [MAP] Packet (hex): 0201020201043011800821436587092143F581058967452301
[2025-04-22 15:49:28] INFO: Sending sri message to 192.168.1.1:2905
[2025-04-22 15:49:28] INFO: [MAP] Packet (hex): 0201020201043011800821436587092143F581058967452301
[2025-04-22 15:49:33] ERROR: Connection to 192.168.1.1:2905 timed out after 5.0s
[2025-04-22 15:49:33] ERROR: Error during operation: name 'socket' is not defined
[2025-04-22 16:09:11] INFO: Sending sri message to 127.0.0.1:2905
[2025-04-22 16:09:11] ERROR: Error during operation: 'Ss7Tool' object has no attribute 'send_message'
[2025-04-22 16:18:40] INFO: API key authenticated
[2025-04-22 16:18:40] INFO: Sending sri message to 127.0.0.1:2905
[2025-04-22 16:18:40] INFO: [MAP] Packet (hex): 0201020201043011800821436587092143F581058967452301
[2025-04-22 16:18:40] INFO: Successfully connected to 127.0.0.1:2905
[2025-04-22 16:18:45] ERROR: Send/receive timeout for 127.0.0.1:2905 after 5.0s
[2025-04-22 16:18:45] ERROR: Error during operation: name 'sctp' is not defined
[2025-04-22 16:19:12] INFO: API key authenticated
[2025-04-22 16:19:40] INFO: [MAP] Packet (hex): 0201020201043011800821436587092143F581058967452301
[2025-04-22 16:19:40] INFO: Successfully connected to 127.0.0.1:2905
[2025-04-22 16:19:45] ERROR: Send/receive timeout for 127.0.0.1:2905 after 5.0s
[2025-04-22 16:38:29] INFO: API key authenticated
[2025-04-22 16:38:29] INFO: Sending sri message to 127.0.0.1:2905
[2025-04-22 16:38:29] INFO: [MAP] Packet (hex): 0201020201043011800821436587092143F581058967452301
[2025-04-22 16:38:29] INFO: Successfully connected to 127.0.0.1:2905
[2025-04-22 16:38:29] INFO: SCTP connection to 127.0.0.1:2905 closed
[2025-04-22 16:38:29] INFO: [MAP] Response (hex): 0202020201043011800821436587092143F581058967452301
[2025-04-22 16:39:24] INFO: API key authenticated
[2025-04-22 16:41:08] INFO: API key authenticated
[2025-04-22 16:41:33] INFO: [MAP] Packet (hex): 0201020201043011800821436587092143F581058967452301
[2025-04-22 16:41:33] INFO: Successfully connected to 127.0.0.1:2905
[2025-04-22 16:41:33] INFO: SCTP connection to 127.0.0.1:2905 closed
[2025-04-22 16:41:33] INFO: [MAP] Response (hex): 0202020201043011800821436587092143F581058967452301
[2025-04-22 16:55:52] INFO: API key authenticated
[2025-04-22 16:56:03] ERROR: Unhandled exception
Traceback (most recent call last):
  File "/usr/lib/python3.10/cmd.py", line 214, in onecmd
    func = getattr(self, 'do_' + cmd)
AttributeError: 'UI' object has no attribute 'do_sri'

During handling of the above exception, another exception occurred:

Traceback (most recent call last):
  File "/home/telcopt/ss7-security-tool/main.py", line 106, in main
    ui.run_interactive_mode()
  File "/home/telcopt/ss7-security-tool/cli/ui.py", line 89, in run_interactive_mode
    self.cmdloop()
  File "/usr/lib/python3.10/cmd.py", line 138, in cmdloop
    stop = self.onecmd(line)
  File "/usr/lib/python3.10/cmd.py", line 216, in onecmd
    return self.default(line)
  File "/home/telcopt/ss7-security-tool/cli/ui.py", line 41, in default
    args = self.command_handler.parse_interactive_args(line)
AttributeError: 'CommandHandler' object has no attribute 'parse_interactive_args'
[2025-04-22 16:58:21] INFO: API key authenticated
[2025-04-22 16:58:21] INFO: Sending sri message to 127.0.0.1:2905
[2025-04-22 16:58:21] INFO: [MAP] Packet (hex): 0201020201043011800821436587092143F581058967452301
[2025-04-22 16:58:21] INFO: Successfully connected to 127.0.0.1:2905
[2025-04-22 16:58:21] INFO: SCTP connection to 127.0.0.1:2905 closed
[2025-04-22 16:58:21] INFO: [MAP] Response (hex): 0202020201043011800821436587092143F581058967452301
[2025-04-22 16:58:21] INFO: Parsed response: {'status': 'success', 'invoke_id': 2, 'opcode': 4, 'params': {}}
[2025-04-22 16:58:47] INFO: API key authenticated
[2025-04-22 16:59:02] INFO: [MAP] Packet (hex): 0201020201043011800821436587092143F581058967452301
[2025-04-22 16:59:02] INFO: Successfully connected to 127.0.0.1:2905
[2025-04-22 16:59:02] INFO: SCTP connection to 127.0.0.1:2905 closed
[2025-04-22 16:59:02] INFO: [MAP] Response (hex): 0202020201043011800821436587092143F581058967452301
[2025-04-22 16:59:02] INFO: Parsed response: {'status': 'success', 'invoke_id': 2, 'opcode': 4, 'params': {}}
[2025-04-29 16:56:09] INFO: API key authenticated
[2025-04-29 16:56:09] INFO: Sending sri message to 127.0.0.1:2905
[2025-04-29 16:56:09] ERROR: Error during operation: module 'sctp' has no attribute 'SCTPError'
[2025-04-29 16:56:21] INFO: API key authenticated
[2025-04-30 17:03:28] INFO: Sending sri message to 127.0.0.1:2905
[2025-04-30 17:03:28] INFO: [MAP] Packet (hex): 02010202010430138011800821436587092143F581058967452301
[2025-04-30 17:03:28] INFO: Successfully connected to 127.0.0.1:2905
[2025-04-30 17:03:28] INFO: [MAP] Response (hex): 0202020201043011800821436587092143F581058967452301
[2025-04-30 17:03:28] INFO: SCTP connection to 127.0.0.1:2905 closed
[2025-04-30 17:03:28] INFO: Parsed response: {'status': 'success', 'opcode': 4, 'params': {'imsi': '0880123456789012', 'msisdn': '345185098'}}
[2025-04-30 17:03:28] ERROR: Error during operation: type object 'ResponseParser' has no attribute 'format_response'
[2025-04-30 17:04:10] WARNING: Field default_imsi not encrypted, using as-is
[2025-04-30 17:04:10] WARNING: Field default_msisdn not encrypted, using as-is
[2025-04-30 17:04:10] WARNING: Field default_gt not encrypted, using as-is
[2025-04-30 17:04:10] INFO: Configuration loaded from configs/default_config.yml
[2025-04-30 17:04:10] WARNING: Field default_imsi not encrypted, using as-is
[2025-04-30 17:04:10] WARNING: Field default_msisdn not encrypted, using as-is
[2025-04-30 17:04:10] WARNING: Field default_gt not encrypted, using as-is
[2025-04-30 17:04:10] INFO: Configuration loaded from configs/default_config.yml
[2025-04-30 17:04:10] INFO: Configuration saved to configs/test_config.yml
[2025-04-30 17:04:10] WARNING: Field default_imsi not encrypted, using as-is
[2025-04-30 17:04:10] WARNING: Field default_msisdn not encrypted, using as-is
[2025-04-30 17:04:10] WARNING: Field default_gt not encrypted, using as-is
[2025-04-30 17:04:10] INFO: Configuration loaded from configs/default_config.yml
[2025-04-30 17:04:10] INFO: Configuration loaded from configs/test_config.yml
[2025-04-30 17:05:15] INFO: [2025-04-30 17:05:15.353245] INFO: API key authenticated
[2025-04-30 17:05:46] INFO: [2025-04-30 17:05:46.362497] INFO: Sending sri message to 127.0.0.1:2905
[2025-04-30 17:05:46] INFO: [MAP] Packet (hex): 02010202010430138011800821436587092143F581058967452301
[2025-04-30 17:05:46] INFO: Successfully connected to 127.0.0.1:2905
[2025-04-30 17:05:46] INFO: [MAP] Response (hex): 0202020201043011800821436587092143F581058967452301
[2025-04-30 17:05:46] INFO: SCTP connection to 127.0.0.1:2905 closed
[2025-04-30 17:05:46] INFO: Parsed response: {'status': 'success', 'opcode': 4, 'params': {'imsi': '0880123456789012', 'msisdn': '345185098'}}
[2025-05-01 12:01:45] INFO: Sending sri message to 127.0.0.1:2905
[2025-05-01 12:01:45] INFO: [MAP] Packet (hex): 02010202010430138011800821436587092143F581058967452301
[2025-05-01 12:01:45] INFO: Successfully connected to 127.0.0.1:2905
[2025-05-01 12:01:45] INFO: [MAP] Response (hex): 0202020201043011800821436587092143F581058967452301
[2025-05-01 12:01:45] INFO: SCTP connection to 127.0.0.1:2905 closed
[2025-05-01 12:01:45] INFO: Parsed response: {'status': 'success', 'invoke_id': 2, 'opcode': 4, 'params': {'imsi': '123456789012345', 'msisdn': '9876543210'}}
[2025-05-01 12:01:45] INFO: Configuration loaded from configs/default_config.yml
[2025-05-01 12:01:45] INFO: Configuration loaded from configs/default_config.yml
[2025-05-01 12:01:45] INFO: Configuration saved to configs/test_config.yml
[2025-05-01 12:01:45] INFO: Configuration loaded from configs/default_config.yml
[2025-05-01 12:01:45] INFO: Configuration loaded from configs/test_config.yml
[2025-05-01 12:01:45] INFO: Sending sri message to 127.0.0.1:2905
[2025-05-01 12:01:45] INFO: [MAP] Packet (hex): 02010202010430138011800821436587092143F581058967452301
[2025-05-01 12:01:45] ERROR: Unexpected error connecting to 127.0.0.1:2905: [Errno 111] Connection refused
[2025-05-01 12:01:45] ERROR: Unexpected error during send/receive: [Errno 111] Connection refused
[2025-05-01 12:01:45] INFO: TCP connection to 127.0.0.1:2905 closed
[2025-05-01 12:01:45] ERROR: Error during operation: [Errno 111] Connection refused
[2025-05-01 12:01:45] ERROR: Error during operation: [Errno 111] Connection refused
[2025-05-01 12:03:51] INFO: [2025-05-01 12:03:51.511814] INFO: API key authenticated
[2025-05-01 12:05:11] INFO: Sending sri message to 127.0.0.1:2905
[2025-05-01 12:05:11] INFO: [MAP] Packet (hex): 02010202010430138011800821436587092143F581058967452301
[2025-05-01 12:05:11] INFO: Successfully connected to 127.0.0.1:2905
[2025-05-01 12:05:11] INFO: [MAP] Response (hex): 0202020201043011800821436587092143F581058967452301
[2025-05-01 12:05:11] INFO: SCTP connection to 127.0.0.1:2905 closed
[2025-05-01 12:05:11] INFO: Parsed response: {'status': 'success', 'invoke_id': 2, 'opcode': 4, 'params': {'imsi': '123456789012345', 'msisdn': '9876543210'}}
[2025-05-01 12:05:11] INFO: Configuration loaded from configs/default_config.yml
[2025-05-01 12:05:12] INFO: Configuration loaded from configs/default_config.yml
[2025-05-01 12:05:12] INFO: Configuration saved to configs/test_config.yml
[2025-05-01 12:05:12] INFO: Configuration loaded from configs/default_config.yml
[2025-05-01 12:05:12] INFO: Configuration loaded from configs/test_config.yml
[2025-05-01 12:05:12] INFO: Sending sri message to 127.0.0.1:2905
[2025-05-01 12:05:12] INFO: [MAP] Packet (hex): 02010202010430138011800821436587092143F581058967452301
[2025-05-01 12:05:12] ERROR: Unexpected error connecting to 127.0.0.1:2905: [Errno 111] Connection refused
[2025-05-01 12:05:12] ERROR: Unexpected error during send/receive: [Errno 111] Connection refused
[2025-05-01 12:05:12] INFO: TCP connection to 127.0.0.1:2905 closed
[2025-05-01 12:05:12] ERROR: Error during operation: [Errno 111] Connection refused
[2025-05-01 12:05:12] ERROR: Error during operation: [Errno 111] Connection refused
[2025-05-01 12:05:33] INFO: [2025-05-01 12:05:33.796828] INFO: API key authenticated
[2025-05-01 12:54:18] INFO: Sending sri message to 127.0.0.1:2905
[2025-05-01 12:54:18] INFO: [MAP] Packet (hex): 020102020104301380118008123456789012345F81059876543210
[2025-05-01 12:54:18] INFO: Successfully connected to 127.0.0.1:2905
[2025-05-01 12:54:18] INFO: [MAP] Response (hex): 0202020201043011800821436587092143F581058967452301
[2025-05-01 12:54:18] INFO: SCTP connection to 127.0.0.1:2905 closed
[2025-05-01 12:54:18] INFO: Parsed response: {'status': 'success', 'invoke_id': 2, 'opcode': 4, 'params': {'imsi': '214365870921435', 'msisdn': '8967452301'}}
[2025-05-01 12:54:18] INFO: Sending sri message to 127.0.0.1:2906
[2025-05-01 12:54:18] INFO: [MAP] Packet (hex): 020102020104301380118008123456789012345F81059876543210
[2025-05-01 12:54:18] INFO: Successfully connected to 127.0.0.1:2906
[2025-05-01 12:54:18] INFO: [MAP] Response (hex): 0202020201043011800821436587092143F581058967452301
[2025-05-01 12:54:18] INFO: TCP connection to 127.0.0.1:2906 closed
[2025-05-01 12:54:18] INFO: Parsed response: {'status': 'success', 'invoke_id': 2, 'opcode': 4, 'params': {'imsi': '214365870921435', 'msisdn': '8967452301'}}
[2025-05-01 12:54:19] INFO: Configuration loaded from configs/default_config.yml
[2025-05-01 12:54:19] INFO: Configuration loaded from configs/default_config.yml
[2025-05-01 12:54:19] INFO: Configuration saved to configs/test_config.yml
[2025-05-01 12:54:19] INFO: Configuration loaded from configs/default_config.yml
[2025-05-01 12:54:19] INFO: Configuration loaded from configs/test_config.yml
[2025-05-01 12:54:43] INFO: [2025-05-01 12:54:43.680033] INFO: API key authenticated
[2025-05-01 13:02:18] INFO: Sending sri message to 127.0.0.1:2905
[2025-05-01 13:02:18] INFO: [MAP] Packet (hex): 020102020104301380118008123456789012345F81059876543210
[2025-05-01 13:02:18] INFO: Successfully connected to 127.0.0.1:2905
[2025-05-01 13:02:18] INFO: [MAP] Response (hex): 0202020201043011800821436587092143F581058967452301
[2025-05-01 13:02:18] INFO: SCTP connection to 127.0.0.1:2905 closed
[2025-05-01 13:02:18] INFO: Parsed response: {'status': 'success', 'invoke_id': 2, 'opcode': 4, 'params': {'imsi': '214365870921435', 'msisdn': '8967452301'}}
[2025-05-01 13:02:18] INFO: Sending sri message to 127.0.0.1:2906
[2025-05-01 13:02:18] INFO: [MAP] Packet (hex): 020102020104301380118008123456789012345F81059876543210
[2025-05-01 13:02:18] INFO: Successfully connected to 127.0.0.1:2906
[2025-05-01 13:02:18] INFO: [MAP] Response (hex): 0202020201043011800821436587092143F581058967452301
[2025-05-01 13:02:18] INFO: TCP connection to 127.0.0.1:2906 closed
[2025-05-01 13:02:18] INFO: Parsed response: {'status': 'success', 'invoke_id': 2, 'opcode': 4, 'params': {'imsi': '214365870921435', 'msisdn': '8967452301'}}
[2025-05-01 13:02:18] INFO: Configuration loaded from configs/default_config.yml
[2025-05-01 13:02:18] INFO: Configuration loaded from configs/default_config.yml
[2025-05-01 13:02:18] INFO: Configuration saved to configs/test_config.yml
[2025-05-01 13:02:18] INFO: Configuration loaded from configs/default_config.yml
[2025-05-01 13:02:18] INFO: Configuration loaded from configs/test_config.yml
[2025-05-01 13:02:44] INFO: [2025-05-01 13:02:44.641573] INFO: API key authenticated
[2025-05-01 15:05:09] INFO: Sending sri message to 127.0.0.1:2905
[2025-05-01 15:05:09] INFO: [MAP] Packet (hex): 02010202010430138011800821436587092143F581058967452301
[2025-05-01 15:05:09] INFO: Successfully connected to 127.0.0.1:2905
[2025-05-01 15:05:09] INFO: [MAP] Response (hex): 0202020201043011800821436587092143F581058967452301
[2025-05-01 15:05:09] INFO: SCTP connection to 127.0.0.1:2905 closed
[2025-05-01 15:05:09] INFO: Parsed response: {'status': 'success', 'invoke_id': 2, 'opcode': 4, 'params': {'imsi': '214365870921435', 'msisdn': '8967452301'}}
[2025-05-01 15:05:09] INFO: Sending sri message to 127.0.0.1:2906
[2025-05-01 15:05:09] INFO: [MAP] Packet (hex): 02010202010430138011800821436587092143F581058967452301
[2025-05-01 15:05:09] INFO: Successfully connected to 127.0.0.1:2906
[2025-05-01 15:05:09] INFO: [MAP] Response (hex): 0202020201043011800821436587092143F581058967452301
[2025-05-01 15:05:09] INFO: TCP connection to 127.0.0.1:2906 closed
[2025-05-01 15:05:09] INFO: Parsed response: {'status': 'success', 'invoke_id': 2, 'opcode': 4, 'params': {'imsi': '214365870921435', 'msisdn': '8967452301'}}
[2025-05-01 15:05:09] INFO: Configuration loaded from configs/default_config.yml
[2025-05-01 15:55:31] INFO: Sending sri message to 127.0.0.1:2905
[2025-05-01 15:55:31] INFO: [MAP] Packet (hex): 02010202010430138011800821436587092143F581058967452301
[2025-05-01 15:55:31] INFO: Successfully connected to 127.0.0.1:2905
[2025-05-01 15:55:31] INFO: [MAP] Response (hex): 0202020201043011800821436587092143F581058967452301
[2025-05-01 15:55:31] INFO: SCTP connection to 127.0.0.1:2905 closed
[2025-05-01 15:55:31] INFO: Parsed response: {'status': 'success', 'invoke_id': 2, 'opcode': 4, 'params': {'imsi': '214365870921435', 'msisdn': '8967452301'}}
[2025-05-01 15:55:32] INFO: Sending sri message to 127.0.0.1:2906
[2025-05-01 15:55:32] INFO: [MAP] Packet (hex): 02010202010430138011800821436587092143F581058967452301
[2025-05-01 15:55:32] INFO: Successfully connected to 127.0.0.1:2906
[2025-05-01 15:55:32] INFO: [MAP] Response (hex): 0202020201043011800821436587092143F581058967452301
[2025-05-01 15:55:32] INFO: TCP connection to 127.0.0.1:2906 closed
[2025-05-01 15:55:32] INFO: Parsed response: {'status': 'success', 'invoke_id': 2, 'opcode': 4, 'params': {'imsi': '214365870921435', 'msisdn': '8967452301'}}
[2025-05-01 15:55:32] INFO: Configuration loaded from configs/default_config.yml
[2025-05-01 15:55:55] INFO: [2025-05-01 15:55:55.811992] INFO: API key authenticated
[2025-05-01 16:02:01] INFO: Sending sri message to 127.0.0.1:2906
[2025-05-01 16:02:01] INFO: [MAP] Packet (hex): 02010202010430138011800821436587092143F581058967452301
[2025-05-01 16:02:01] INFO: Successfully connected to 127.0.0.1:2906
[2025-05-01 16:02:01] INFO: [MAP] Response (hex): 0202020201043011800821436587092143F581058967452301
[2025-05-01 16:02:01] INFO: TCP connection to 127.0.0.1:2906 closed
[2025-05-01 16:02:01] INFO: Parsed response: {'status': 'success', 'invoke_id': 2, 'opcode': 4, 'params': {'imsi': '123456789012345', 'msisdn': '9876543210'}}
[2025-05-01 16:02:13] INFO: Sending sri message to 127.0.0.1:2905
[2025-05-01 16:02:13] INFO: [MAP] Packet (hex): 02010202010430138011800821436587092143F581058967452301
[2025-05-01 16:02:13] INFO: Successfully connected to 127.0.0.1:2905
[2025-05-01 16:02:13] INFO: [MAP] Response (hex): 0202020201043011800821436587092143F581058967452301
[2025-05-01 16:02:13] INFO: SCTP connection to 127.0.0.1:2905 closed
[2025-05-01 16:02:13] INFO: Parsed response: {'status': 'success', 'invoke_id': 2, 'opcode': 4, 'params': {'imsi': '123456789012345', 'msisdn': '9876543210'}}
[2025-05-01 16:02:13] INFO: Sending sri message to 127.0.0.1:2906
[2025-05-01 16:02:13] INFO: [MAP] Packet (hex): 02010202010430138011800821436587092143F581058967452301
[2025-05-01 16:02:13] INFO: Successfully connected to 127.0.0.1:2906
[2025-05-01 16:02:13] INFO: [MAP] Response (hex): 0202020201043011800821436587092143F581058967452301
[2025-05-01 16:02:13] INFO: TCP connection to 127.0.0.1:2906 closed
[2025-05-01 16:02:13] INFO: Parsed response: {'status': 'success', 'invoke_id': 2, 'opcode': 4, 'params': {'imsi': '123456789012345', 'msisdn': '9876543210'}}
[2025-05-01 16:02:14] INFO: Configuration loaded from configs/default_config.yml
[2025-05-01 16:02:30] INFO: [2025-05-01 16:02:30.896427] INFO: API key authenticated
2025-05-14 12:33:38,630 INFO: [2025-05-14 12:33:38.630207] INFO: API key authenticated
2025-05-14 12:41:35,906 INFO: Sending SRI message to 127.0.0.1:2905
2025-05-14 12:41:35,906 INFO: [MAP] Packet (hex): 090003000000050005001B2143658709214365870902170C15020201043011800821436587092143F581058967452301
2025-05-14 12:41:35,906 INFO: Successfully connected to 127.0.0.1:2905
2025-05-14 12:41:35,906 INFO: Successfully connected to 127.0.0.1:2905
2025-05-14 12:41:35,907 ERROR: Error sending SRI message: 'SCTPClient' object has no attribute 'receive'
2025-05-14 12:41:36,526 INFO: Sending ATI message to 127.0.0.1:2905
2025-05-14 12:41:36,526 INFO: [MAP] Packet (hex): 09000300000005000500142143658709214365870902100C0E02020147300A800821436587092143F5
2025-05-14 12:41:36,526 INFO: Successfully connected to 127.0.0.1:2905
2025-05-14 12:41:36,527 INFO: Successfully connected to 127.0.0.1:2905
2025-05-14 12:41:36,527 ERROR: Error sending ATI message: 'SCTPClient' object has no attribute 'receive'
2025-05-14 12:41:37,226 INFO: Sending UL message to 127.0.0.1:2905
2025-05-14 12:41:37,226 INFO: [MAP] Packet (hex): 090003000000050005001B2143658709214365870902170C15020201023011800821436587092143F581058967452301
2025-05-14 12:41:37,227 INFO: Successfully connected to 127.0.0.1:2905
2025-05-14 12:41:37,227 INFO: Successfully connected to 127.0.0.1:2905
2025-05-14 12:41:37,227 ERROR: Error sending UL message: 'SCTPClient' object has no attribute 'receive'
2025-05-14 12:41:37,972 INFO: Sending PSI message to 127.0.0.1:2905
2025-05-14 12:41:37,972 INFO: [MAP] Packet (hex): 09000300000005000500142143658709214365870902100C0E0202013B300A800821436587092143F5
2025-05-14 12:41:37,972 INFO: Successfully connected to 127.0.0.1:2905
2025-05-14 12:41:37,972 INFO: Successfully connected to 127.0.0.1:2905
2025-05-14 12:41:37,972 ERROR: Error sending PSI message: 'SCTPClient' object has no attribute 'receive'
2025-05-14 12:46:08,964 INFO: Sending SRI message to 127.0.0.1:2905
2025-05-14 12:46:08,964 INFO: [MAP] Packet (hex): 090003000000050005001B2143658709214365870902170C15020201043011800821436587092143F581058967452301
2025-05-14 12:46:08,965 INFO: Connected to 127.0.0.1:2905
2025-05-14 12:46:08,965 INFO: Successfully connected to 127.0.0.1:2905
2025-05-14 12:46:08,965 INFO: [MAP] Response (hex): 
2025-05-14 12:46:08,965 INFO: Connection closed
2025-05-14 12:46:08,965 INFO: SCTP connection to 127.0.0.1:2905 closed
2025-05-14 12:46:08,965 WARNING: Empty response received
2025-05-14 12:46:08,968 INFO: Parsed response: {'status': 'no_response', 'message': 'Empty response'}
2025-05-14 12:46:09,602 INFO: Sending ATI message to 127.0.0.1:2905
2025-05-14 12:46:09,603 INFO: [MAP] Packet (hex): 09000300000005000500142143658709214365870902100C0E02020147300A800821436587092143F5
2025-05-14 12:46:09,603 INFO: Connected to 127.0.0.1:2905
2025-05-14 12:46:09,603 INFO: Successfully connected to 127.0.0.1:2905
2025-05-14 12:46:09,603 INFO: [MAP] Response (hex): 
2025-05-14 12:46:09,603 INFO: Connection closed
2025-05-14 12:46:09,603 INFO: SCTP connection to 127.0.0.1:2905 closed
2025-05-14 12:46:09,603 WARNING: Empty response received
2025-05-14 12:46:09,615 INFO: Parsed response: {'status': 'no_response', 'message': 'Empty response'}
2025-05-14 12:46:10,298 INFO: Sending UL message to 127.0.0.1:2905
2025-05-14 12:46:10,298 INFO: [MAP] Packet (hex): 090003000000050005001B2143658709214365870902170C15020201023011800821436587092143F581058967452301
2025-05-14 12:46:10,298 INFO: Connected to 127.0.0.1:2905
2025-05-14 12:46:10,298 INFO: Successfully connected to 127.0.0.1:2905
2025-05-14 12:46:10,299 INFO: [MAP] Response (hex): 
2025-05-14 12:46:10,299 INFO: Connection closed
2025-05-14 12:46:10,299 INFO: SCTP connection to 127.0.0.1:2905 closed
2025-05-14 12:46:10,299 WARNING: Empty response received
2025-05-14 12:46:10,311 INFO: Parsed response: {'status': 'no_response', 'message': 'Empty response'}
2025-05-14 12:46:11,048 INFO: Sending PSI message to 127.0.0.1:2905
2025-05-14 12:46:11,048 INFO: [MAP] Packet (hex): 09000300000005000500142143658709214365870902100C0E0202013B300A800821436587092143F5
2025-05-14 12:46:11,048 INFO: Connected to 127.0.0.1:2905
2025-05-14 12:46:11,048 INFO: Successfully connected to 127.0.0.1:2905
2025-05-14 12:46:11,049 INFO: [MAP] Response (hex): 
2025-05-14 12:46:11,049 INFO: Connection closed
2025-05-14 12:46:11,049 INFO: SCTP connection to 127.0.0.1:2905 closed
2025-05-14 12:46:11,049 WARNING: Empty response received
2025-05-14 12:46:11,061 INFO: Parsed response: {'status': 'no_response', 'message': 'Empty response'}
2025-05-14 13:15:58,939 INFO: Sending SRI message to 127.0.0.1:2905
2025-05-14 13:15:58,939 ERROR: Error sending SRI message: hex
2025-05-14 13:15:59,584 INFO: Sending ATI message to 127.0.0.1:2905
2025-05-14 13:15:59,584 ERROR: Error sending ATI message: hex
2025-05-14 13:16:00,292 INFO: Sending UL message to 127.0.0.1:2905
2025-05-14 13:16:00,292 ERROR: Error sending UL message: hex
2025-05-14 13:16:01,013 INFO: Sending PSI message to 127.0.0.1:2905
2025-05-14 13:16:01,014 ERROR: Error sending PSI message: hex
2025-05-14 14:02:43,584 INFO: Connected to 127.0.0.1:2905
2025-05-14 14:02:43,584 WARNING: Empty response on attempt 1
2025-05-14 14:02:43,685 WARNING: Empty response on attempt 2
2025-05-14 14:02:43,785 WARNING: Empty response on attempt 3
2025-05-14 14:02:43,886 INFO: Connection closed
2025-05-14 14:02:43,886 WARNING: Empty response received
2025-05-14 14:02:44,588 INFO: Connected to 127.0.0.1:2905
2025-05-14 14:02:44,589 WARNING: Empty response on attempt 1
2025-05-14 14:02:44,689 WARNING: Empty response on attempt 2
2025-05-14 14:02:44,790 WARNING: Empty response on attempt 3
2025-05-14 14:02:44,890 INFO: Connection closed
2025-05-14 14:02:44,891 WARNING: Empty response received
2025-05-14 14:02:45,604 INFO: Connected to 127.0.0.1:2905
2025-05-14 14:02:45,605 WARNING: Empty response on attempt 1
2025-05-14 14:02:45,705 WARNING: Empty response on attempt 2
2025-05-14 14:02:45,806 WARNING: Empty response on attempt 3
2025-05-14 14:02:45,906 INFO: Connection closed
2025-05-14 14:02:45,906 WARNING: Empty response received
2025-05-14 14:02:46,679 INFO: Connected to 127.0.0.1:2905
2025-05-14 14:02:46,680 WARNING: Empty response on attempt 1
2025-05-14 14:02:46,780 WARNING: Empty response on attempt 2
2025-05-14 14:02:46,881 WARNING: Empty response on attempt 3
2025-05-14 14:02:46,981 INFO: Connection closed
2025-05-14 14:02:46,982 WARNING: Empty response received
2025-05-14 14:03:29,460 INFO: Connected to 127.0.0.1:2905
2025-05-14 14:03:29,461 WARNING: Empty response on attempt 1
2025-05-14 14:03:29,562 WARNING: Empty response on attempt 2
2025-05-14 14:03:29,662 WARNING: Empty response on attempt 3
2025-05-14 14:03:29,762 INFO: Connection closed
2025-05-14 14:03:29,763 WARNING: Empty response received
2025-05-14 14:03:29,778 INFO: Connected to 127.0.0.1:2905
2025-05-14 14:03:29,780 WARNING: Empty response on attempt 1
2025-05-14 14:03:29,880 WARNING: Empty response on attempt 2
2025-05-14 14:03:29,981 WARNING: Empty response on attempt 3
2025-05-14 14:03:30,081 INFO: Connection closed
2025-05-14 14:03:30,082 WARNING: Empty response received
2025-05-14 14:03:30,104 INFO: Connected to 127.0.0.1:2905
2025-05-14 14:03:30,105 WARNING: Empty response on attempt 1
2025-05-14 14:03:30,206 WARNING: Empty response on attempt 2
2025-05-14 14:03:30,307 WARNING: Empty response on attempt 3
2025-05-14 14:03:30,407 INFO: Connection closed
2025-05-14 14:03:30,407 WARNING: Empty response received
2025-05-14 14:03:34,699 INFO: Connected to 127.0.0.1:2905
2025-05-14 14:03:34,701 WARNING: Empty response on attempt 1
2025-05-14 14:03:34,801 WARNING: Empty response on attempt 2
2025-05-14 14:03:34,902 WARNING: Empty response on attempt 3
2025-05-14 14:03:35,003 INFO: Connection closed
2025-05-14 14:03:35,003 WARNING: Empty response received
2025-05-14 14:03:37,397 INFO: Connected to 127.0.0.1:2905
2025-05-14 14:03:37,399 WARNING: Empty response on attempt 1
2025-05-14 14:03:37,499 WARNING: Empty response on attempt 2
2025-05-14 14:03:37,600 WARNING: Empty response on attempt 3
2025-05-14 14:03:37,701 INFO: Connection closed
2025-05-14 14:03:37,701 WARNING: Empty response received
2025-05-14 14:03:58,832 INFO: Connected to 127.0.0.1:2905
2025-05-14 14:03:58,834 WARNING: Empty response on attempt 1
2025-05-14 14:03:58,934 WARNING: Empty response on attempt 2
2025-05-14 14:03:59,035 WARNING: Empty response on attempt 3
2025-05-14 14:03:59,136 INFO: Connection closed
2025-05-14 14:03:59,136 WARNING: Empty response received
2025-05-19 10:25:59,219 ERROR: SS7_API_KEY not set
2025-05-19 15:30:11,628 ERROR: Invalid API key
2025-05-19 15:49:10,197 ERROR: SS7_API_KEY not set
